<?xml version="1.0" encoding="UTF-8"?>
<testng-results ignored="0" total="1" passed="1" failed="0" skipped="0">
  <reporter-output>
  </reporter-output>
  <suite started-at="2024-12-17T22:08:42 IST" name="Default suite" finished-at="2024-12-17T22:08:49 IST" duration-ms="6221">
    <groups>
    </groups>
    <test started-at="2024-12-17T22:08:42 IST" name="Default test" finished-at="2024-12-17T22:08:49 IST" duration-ms="6221">
      <class name="com.tka.testCases.LoginTestCases">
        <test-method signature="checkSubheadingText()[pri:0, instance:com.tka.testCases.LoginTestCases@31c88ec8]" started-at="2024-12-17T22:08:42 IST" name="checkSubheadingText" finished-at="2024-12-17T22:08:49 IST" duration-ms="6180" status="PASS">
          <reporter-output>
          </reporter-output>
        </test-method> <!-- checkSubheadingText -->
      </class> <!-- com.tka.testCases.LoginTestCases -->
    </test> <!-- Default test -->
  </suite> <!-- Default suite -->
</testng-results>
